[21:43:20] [main/INFO]: Loading Minecraft 1.21.1 with Fabric Loader 0.18.1
[21:43:20] [main/INFO]: Fabric is preparing JARs on first launch, this may take a few seconds...
[21:43:20] [main/INFO]: Loading 46 mods:
	- chunky 1.4.23
	- fabric-api 0.116.7+1.21.1
	   |-- fabric-api-base 0.4.42+6573ed8c19
	   |-- fabric-api-lookup-api-v1 1.6.71+b559734419
	   |-- fabric-biome-api-v1 13.0.31+d527f9fd19
	   |-- fabric-block-api-v1 1.1.0+0bc3503219
	   |-- fabric-block-view-api-v2 1.0.11+ebb2264e19
	   |-- fabric-blockrenderlayer-v1 1.1.52+0af3f5a719
	   |-- fabric-client-tags-api-v1 1.1.15+6573ed8c19
	   |-- fabric-command-api-v1 1.2.49+f71b366f19
	   |-- fabric-command-api-v2 2.2.28+6ced4dd919
	   |-- fabric-commands-v0 0.2.66+df3654b319
	   |-- fabric-content-registries-v0 8.0.19+b559734419
	   |-- fabric-convention-tags-v1 2.1.5+7f945d5b19
	   |-- fabric-convention-tags-v2 2.11.1+a406e79519
	   |-- fabric-crash-report-info-v1 0.2.29+0af3f5a719
	   |-- fabric-data-attachment-api-v1 1.4.5+6116a37819
	   |-- fabric-data-generation-api-v1 20.2.34+37516cd619
	   |-- fabric-dimensions-v1 4.0.1+65213ef819
	   |-- fabric-entity-events-v1 1.8.0+2b27e0a419
	   |-- fabric-events-interaction-v0 0.7.13+ba9dae0619
	   |-- fabric-game-rule-api-v1 1.0.53+6ced4dd919
	   |-- fabric-item-api-v1 11.2.0+3b3cb2e819
	   |-- fabric-item-group-api-v1 4.1.7+def88e3a19
	   |-- fabric-key-binding-api-v1 1.0.47+0af3f5a719
	   |-- fabric-keybindings-v0 0.2.45+df3654b319
	   |-- fabric-lifecycle-events-v1 2.6.0+0865547519
	   |-- fabric-loot-api-v2 3.0.15+3f89f5a519
	   |-- fabric-loot-api-v3 1.0.3+3f89f5a519
	   |-- fabric-message-api-v1 6.0.14+8aaf3aca19
	   |-- fabric-model-loading-api-v1 2.1.0+b4d813fc19
	   |-- fabric-networking-api-v1 4.3.0+c7469b2119
	   |-- fabric-object-builder-api-v1 15.2.1+40875a9319
	   |-- fabric-particles-v1 4.0.2+6573ed8c19
	   |-- fabric-recipe-api-v1 5.0.15+2475392c19
	   |-- fabric-registry-sync-v0 5.3.1+e3eddc2119
	   |-- fabric-renderer-api-v1 3.4.1+b4d813fc19
	   |-- fabric-renderer-indigo 1.7.1+c705a49c19
	   |-- fabric-renderer-registries-v1 3.2.69+df3654b319
	   |-- fabric-rendering-data-attachment-v1 0.3.49+73761d2e19
	   |-- fabric-rendering-fluids-v1 3.1.6+1daea21519
	   |-- fabric-rendering-v0 1.1.72+df3654b319
	   |-- fabric-rendering-v1 5.1.0+ab4c25a019
	   |-- fabric-resource-conditions-api-v1 4.3.0+8dc279b119
	   |-- fabric-resource-loader-v0 1.3.1+5b5275af19
	   |-- fabric-screen-api-v1 2.0.25+8b68f1c719
	   |-- fabric-screen-handler-api-v1 1.3.90+b559734419
	   |-- fabric-sound-api-v1 1.0.23+6573ed8c19
	   |-- fabric-transfer-api-v1 5.4.3+c24bd99419
	   \-- fabric-transitive-access-wideners-v1 6.2.0+45b9699719
	- fabricloader 0.18.1
	   \-- mixinextras 0.5.0
	- ferritecore 7.0.2-hotfix
	- java 21
	- krypton 0.2.8
	   \-- com_velocitypowered_velocity-native 3.3.0-SNAPSHOT
	- lithium 0.15.1+mc1.21.1
	- minecraft 1.21.1
[21:43:20] [main/INFO]: SpongePowered MIXIN Subsystem Version=0.8.7 Source=file:/data/libraries/net/fabricmc/sponge-mixin/0.16.5+mixin.0.8.7/sponge-mixin-0.16.5+mixin.0.8.7.jar Service=Knot/Fabric Env=SERVER
[21:43:20] [main/INFO]: Compatibility level set to JAVA_17
[21:43:20] [main/INFO]: Compatibility level set to JAVA_21
[21:43:20] [main/WARN]: Mod 'ferritecore' attempted to override option 'mixin.alloc.blockstate', which doesn't exist, ignoring
[21:43:20] [main/INFO]: Option 'mixin.entity.collisions.fluid' requires 'mixin.util.block_tracking=true' but found 'false'. Setting 'mixin.entity.collisions.fluid=false'.
[21:43:20] [main/INFO]: Option 'mixin.experimental.entity.block_caching.block_support' requires 'mixin.util.block_tracking=true' but found 'false'. Setting 'mixin.experimental.entity.block_caching.block_support=false'.
[21:43:20] [main/INFO]: Option 'mixin.experimental.entity.block_caching.fluid_pushing' requires 'mixin.util.block_tracking=true' but found 'false'. Setting 'mixin.experimental.entity.block_caching.fluid_pushing=false'.
[21:43:20] [main/INFO]: Option 'mixin.experimental.entity.block_caching.block_touching' requires 'mixin.util.block_tracking=true' but found 'false'. Setting 'mixin.experimental.entity.block_caching.block_touching=false'.
[21:43:20] [main/INFO]: Option 'mixin.experimental.entity.block_caching.suffocation' requires 'mixin.util.block_tracking=true' but found 'false'. Setting 'mixin.experimental.entity.block_caching.suffocation=false'.
[21:43:20] [main/INFO]: Option 'mixin.experimental.entity.block_caching' requires 'mixin.util.block_tracking=true' but found 'false'. Setting 'mixin.experimental.entity.block_caching=false'.
[21:43:20] [main/INFO]: Loaded configuration file for Lithium: 149 options available, 0 override(s) found
[21:43:21] [main/INFO]: Initializing MixinExtras via com.llamalad7.mixinextras.service.MixinExtrasServiceImpl(version=0.5.0).
[21:43:26] [main/INFO]: Compression will use libdeflate (Linux x86_64), encryption will use OpenSSL 3.0.x (Linux x86_64)
[21:43:26] [main/INFO]: Krypton is now accelerating your Minecraft server's networking stack 🚀
[21:43:26] [main/INFO]: Environment: Environment[sessionHost=https://sessionserver.mojang.com, servicesHost=https://api.minecraftservices.com, name=PROD]
[21:43:26] [main/INFO]: Found new data pack file/Terralith_1.21_v2.5.8.zip, loading it automatically
[21:43:28] [main/INFO]: No existing world data, creating new world
[21:43:28] [main/INFO]: Loaded 1296 recipes
[21:43:29] [main/INFO]: Loaded 1400 advancements
[21:43:29] [main/INFO]: Applied 0 biome modifications to 0 of 159 new biomes in 2.243 ms
[21:43:29] [Server thread/INFO]: Starting minecraft server version 1.21.1
[21:43:29] [Server thread/INFO]: Loading properties
[21:43:29] [Server thread/INFO]: Default game type: SURVIVAL
[21:43:29] [Server thread/INFO]: Generating keypair
[21:43:29] [Server thread/INFO]: Starting Minecraft server on *:25565
[21:43:29] [Server thread/INFO]: Using epoll channel type
[21:43:30] [Server thread/INFO]: Preparing level "world-terra-seeded-01"
[21:43:41] [Server thread/INFO]: Preparing start region for dimension minecraft:overworld
[21:43:42] [Worker-Main-3/INFO]: Preparing spawn area: 2%
[21:43:42] [Worker-Main-3/INFO]: Preparing spawn area: 2%
[21:43:42] [Worker-Main-3/INFO]: Preparing spawn area: 2%
[21:43:43] [Worker-Main-2/INFO]: Preparing spawn area: 2%
[21:43:43] [Worker-Main-3/INFO]: Preparing spawn area: 18%
[21:43:44] [Worker-Main-2/INFO]: Preparing spawn area: 18%
[21:43:44] [Worker-Main-2/INFO]: Preparing spawn area: 18%
[21:43:45] [Worker-Main-3/INFO]: Preparing spawn area: 18%
[21:43:45] [Worker-Main-3/INFO]: Preparing spawn area: 36%
[21:43:46] [Worker-Main-2/INFO]: Preparing spawn area: 51%
[21:43:46] [Worker-Main-3/INFO]: Preparing spawn area: 51%
[21:43:47] [Worker-Main-3/INFO]: Preparing spawn area: 51%
[21:43:47] [Worker-Main-3/INFO]: Preparing spawn area: 51%
[21:43:48] [Server thread/INFO]: Time elapsed: 6257 ms
[21:43:48] [Server thread/INFO]: Done (18.154s)! For help, type "help"
[21:43:48] [Server thread/INFO]: Starting remote control listener
[21:43:48] [Server thread/INFO]: Thread RCON Listener started
[21:43:48] [Server thread/INFO]: RCON running on 0.0.0.0:25575
[21:43:48] [Server thread/INFO]: [STDOUT]: Lithium Cached BlockState Flags are disabled!
[21:48:48] [Server thread/ERROR]: Could not save data net.minecraft.class_273@65b9913e
java.nio.file.AccessDeniedException: ./world-terra-seeded-01/data/scoreboard.dat
	at java.base/sun.nio.fs.UnixException.translateToIOException(Unknown Source) ~[?:?]
	at java.base/sun.nio.fs.UnixException.rethrowAsIOException(Unknown Source) ~[?:?]
	at java.base/sun.nio.fs.UnixException.rethrowAsIOException(Unknown Source) ~[?:?]
	at java.base/sun.nio.fs.UnixFileSystemProvider.newByteChannel(Unknown Source) ~[?:?]
	at java.base/java.nio.file.spi.FileSystemProvider.newOutputStream(Unknown Source) ~[?:?]
	at java.base/java.nio.file.Files.newOutputStream(Unknown Source) ~[?:?]
	at knot/net.minecraft.class_2507.method_30614(class_2507.java:71) ~[server-intermediary.jar:?]
	at knot/net.minecraft.class_18.method_17919(class_18.java:46) ~[server-intermediary.jar:?]
	at knot/net.minecraft.class_26.method_32384(class_26.java:127) ~[server-intermediary.jar:?]
	at java.base/java.util.HashMap.forEach(Unknown Source) ~[?:?]
	at knot/net.minecraft.class_26.method_125(class_26.java:125) ~[server-intermediary.jar:?]
	at knot/net.minecraft.class_3218.method_14188(class_3218.java:833) ~[server-intermediary.jar:?]
	at knot/net.minecraft.class_3218.method_14176(class_3218.java:815) ~[server-intermediary.jar:?]
	at knot/net.minecraft.server.MinecraftServer.method_3723(MinecraftServer.java:556) ~[server-intermediary.jar:?]
	at knot/net.minecraft.server.MinecraftServer.method_39218(MinecraftServer.java:580) ~[server-intermediary.jar:?]
	at knot/net.minecraft.server.MinecraftServer.method_3748(MinecraftServer.java:924) ~[server-intermediary.jar:?]
	at knot/net.minecraft.server.MinecraftServer.method_29741(MinecraftServer.java:697) ~[server-intermediary.jar:?]
	at knot/net.minecraft.server.MinecraftServer.method_29739(MinecraftServer.java:281) ~[server-intermediary.jar:?]
	at java.base/java.lang.Thread.run(Unknown Source) [?:?]
[21:48:48] [Server thread/ERROR]: Could not save data net.minecraft.class_3767@44b5b6
java.nio.file.AccessDeniedException: ./world-terra-seeded-01/data/raids.dat
	at java.base/sun.nio.fs.UnixException.translateToIOException(Unknown Source) ~[?:?]
	at java.base/sun.nio.fs.UnixException.rethrowAsIOException(Unknown Source) ~[?:?]
	at java.base/sun.nio.fs.UnixException.rethrowAsIOException(Unknown Source) ~[?:?]
	at java.base/sun.nio.fs.UnixFileSystemProvider.newByteChannel(Unknown Source) ~[?:?]
	at java.base/java.nio.file.spi.FileSystemProvider.newOutputStream(Unknown Source) ~[?:?]
	at java.base/java.nio.file.Files.newOutputStream(Unknown Source) ~[?:?]
	at knot/net.minecraft.class_2507.method_30614(class_2507.java:71) ~[server-intermediary.jar:?]
	at knot/net.minecraft.class_18.method_17919(class_18.java:46) ~[server-intermediary.jar:?]
	at knot/net.minecraft.class_26.method_32384(class_26.java:127) ~[server-intermediary.jar:?]
	at java.base/java.util.HashMap.forEach(Unknown Source) ~[?:?]
	at knot/net.minecraft.class_26.method_125(class_26.java:125) ~[server-intermediary.jar:?]
	at knot/net.minecraft.class_3218.method_14188(class_3218.java:833) ~[server-intermediary.jar:?]
	at knot/net.minecraft.class_3218.method_14176(class_3218.java:815) ~[server-intermediary.jar:?]
	at knot/net.minecraft.server.MinecraftServer.method_3723(MinecraftServer.java:556) ~[server-intermediary.jar:?]
	at knot/net.minecraft.server.MinecraftServer.method_39218(MinecraftServer.java:580) ~[server-intermediary.jar:?]
	at knot/net.minecraft.server.MinecraftServer.method_3748(MinecraftServer.java:924) ~[server-intermediary.jar:?]
	at knot/net.minecraft.server.MinecraftServer.method_29741(MinecraftServer.java:697) ~[server-intermediary.jar:?]
	at knot/net.minecraft.server.MinecraftServer.method_29739(MinecraftServer.java:281) ~[server-intermediary.jar:?]
	at java.base/java.lang.Thread.run(Unknown Source) [?:?]
[21:48:48] [Server thread/ERROR]: Could not save data net.minecraft.class_3767@245f224a
java.nio.file.AccessDeniedException: ./world-terra-seeded-01/DIM-1/data/raids.dat
	at java.base/sun.nio.fs.UnixException.translateToIOException(Unknown Source) ~[?:?]
	at java.base/sun.nio.fs.UnixException.rethrowAsIOException(Unknown Source) ~[?:?]
	at java.base/sun.nio.fs.UnixException.rethrowAsIOException(Unknown Source) ~[?:?]
	at java.base/sun.nio.fs.UnixFileSystemProvider.newByteChannel(Unknown Source) ~[?:?]
	at java.base/java.nio.file.spi.FileSystemProvider.newOutputStream(Unknown Source) ~[?:?]
	at java.base/java.nio.file.Files.newOutputStream(Unknown Source) ~[?:?]
	at knot/net.minecraft.class_2507.method_30614(class_2507.java:71) ~[server-intermediary.jar:?]
	at knot/net.minecraft.class_18.method_17919(class_18.java:46) ~[server-intermediary.jar:?]
	at knot/net.minecraft.class_26.method_32384(class_26.java:127) ~[server-intermediary.jar:?]
	at java.base/java.util.HashMap.forEach(Unknown Source) ~[?:?]
	at knot/net.minecraft.class_26.method_125(class_26.java:125) ~[server-intermediary.jar:?]
	at knot/net.minecraft.class_3218.method_14188(class_3218.java:833) ~[server-intermediary.jar:?]
	at knot/net.minecraft.class_3218.method_14176(class_3218.java:815) ~[server-intermediary.jar:?]
	at knot/net.minecraft.server.MinecraftServer.method_3723(MinecraftServer.java:556) ~[server-intermediary.jar:?]
	at knot/net.minecraft.server.MinecraftServer.method_39218(MinecraftServer.java:580) ~[server-intermediary.jar:?]
	at knot/net.minecraft.server.MinecraftServer.method_3748(MinecraftServer.java:924) ~[server-intermediary.jar:?]
	at knot/net.minecraft.server.MinecraftServer.method_29741(MinecraftServer.java:697) ~[server-intermediary.jar:?]
	at knot/net.minecraft.server.MinecraftServer.method_29739(MinecraftServer.java:281) ~[server-intermediary.jar:?]
	at java.base/java.lang.Thread.run(Unknown Source) [?:?]
[21:48:48] [Server thread/ERROR]: Could not save data net.minecraft.class_3767@6f8937cc
java.nio.file.AccessDeniedException: ./world-terra-seeded-01/DIM1/data/raids_end.dat
	at java.base/sun.nio.fs.UnixException.translateToIOException(Unknown Source) ~[?:?]
	at java.base/sun.nio.fs.UnixException.rethrowAsIOException(Unknown Source) ~[?:?]
	at java.base/sun.nio.fs.UnixException.rethrowAsIOException(Unknown Source) ~[?:?]
	at java.base/sun.nio.fs.UnixFileSystemProvider.newByteChannel(Unknown Source) ~[?:?]
	at java.base/java.nio.file.spi.FileSystemProvider.newOutputStream(Unknown Source) ~[?:?]
	at java.base/java.nio.file.Files.newOutputStream(Unknown Source) ~[?:?]
	at knot/net.minecraft.class_2507.method_30614(class_2507.java:71) ~[server-intermediary.jar:?]
	at knot/net.minecraft.class_18.method_17919(class_18.java:46) ~[server-intermediary.jar:?]
	at knot/net.minecraft.class_26.method_32384(class_26.java:127) ~[server-intermediary.jar:?]
	at java.base/java.util.HashMap.forEach(Unknown Source) ~[?:?]
	at knot/net.minecraft.class_26.method_125(class_26.java:125) ~[server-intermediary.jar:?]
	at knot/net.minecraft.class_3218.method_14188(class_3218.java:833) ~[server-intermediary.jar:?]
	at knot/net.minecraft.class_3218.method_14176(class_3218.java:815) ~[server-intermediary.jar:?]
	at knot/net.minecraft.server.MinecraftServer.method_3723(MinecraftServer.java:556) ~[server-intermediary.jar:?]
	at knot/net.minecraft.server.MinecraftServer.method_39218(MinecraftServer.java:580) ~[server-intermediary.jar:?]
	at knot/net.minecraft.server.MinecraftServer.method_3748(MinecraftServer.java:924) ~[server-intermediary.jar:?]
	at knot/net.minecraft.server.MinecraftServer.method_29741(MinecraftServer.java:697) ~[server-intermediary.jar:?]
	at knot/net.minecraft.server.MinecraftServer.method_29739(MinecraftServer.java:281) ~[server-intermediary.jar:?]
	at java.base/java.lang.Thread.run(Unknown Source) [?:?]
[21:48:48] [Server thread/ERROR]: Failed to save level ./world-terra-seeded-01
java.nio.file.AccessDeniedException: ./world-terra-seeded-01/level17499038214845828249.dat
	at java.base/sun.nio.fs.UnixException.translateToIOException(Unknown Source) ~[?:?]
	at java.base/sun.nio.fs.UnixException.rethrowAsIOException(Unknown Source) ~[?:?]
	at java.base/sun.nio.fs.UnixException.rethrowAsIOException(Unknown Source) ~[?:?]
	at java.base/sun.nio.fs.UnixFileSystemProvider.newByteChannel(Unknown Source) ~[?:?]
	at java.base/java.nio.file.Files.newByteChannel(Unknown Source) ~[?:?]
	at java.base/java.nio.file.Files.createFile(Unknown Source) ~[?:?]
	at java.base/java.nio.file.TempFileHelper.create(Unknown Source) ~[?:?]
	at java.base/java.nio.file.TempFileHelper.createTempFile(Unknown Source) ~[?:?]
	at java.base/java.nio.file.Files.createTempFile(Unknown Source) ~[?:?]
	at knot/net.minecraft.class_32$class_5143.method_54538(class_32.java:463) ~[server-intermediary.jar:?]
	at knot/net.minecraft.class_32$class_5143.method_27426(class_32.java:457) ~[server-intermediary.jar:?]
	at knot/net.minecraft.server.MinecraftServer.method_3723(MinecraftServer.java:563) ~[server-intermediary.jar:?]
	at knot/net.minecraft.server.MinecraftServer.method_39218(MinecraftServer.java:580) ~[server-intermediary.jar:?]
	at knot/net.minecraft.server.MinecraftServer.method_3748(MinecraftServer.java:924) ~[server-intermediary.jar:?]
	at knot/net.minecraft.server.MinecraftServer.method_29741(MinecraftServer.java:697) ~[server-intermediary.jar:?]
	at knot/net.minecraft.server.MinecraftServer.method_29739(MinecraftServer.java:281) ~[server-intermediary.jar:?]
	at java.base/java.lang.Thread.run(Unknown Source) [?:?]
[21:53:48] [Server thread/ERROR]: Could not save data net.minecraft.class_3767@44b5b6
java.nio.file.AccessDeniedException: ./world-terra-seeded-01/data/raids.dat
	at java.base/sun.nio.fs.UnixException.translateToIOException(Unknown Source) ~[?:?]
	at java.base/sun.nio.fs.UnixException.rethrowAsIOException(Unknown Source) ~[?:?]
	at java.base/sun.nio.fs.UnixException.rethrowAsIOException(Unknown Source) ~[?:?]
	at java.base/sun.nio.fs.UnixFileSystemProvider.newByteChannel(Unknown Source) ~[?:?]
	at java.base/java.nio.file.spi.FileSystemProvider.newOutputStream(Unknown Source) ~[?:?]
	at java.base/java.nio.file.Files.newOutputStream(Unknown Source) ~[?:?]
	at knot/net.minecraft.class_2507.method_30614(class_2507.java:71) ~[server-intermediary.jar:?]
	at knot/net.minecraft.class_18.method_17919(class_18.java:46) ~[server-intermediary.jar:?]
	at knot/net.minecraft.class_26.method_32384(class_26.java:127) ~[server-intermediary.jar:?]
	at java.base/java.util.HashMap.forEach(Unknown Source) ~[?:?]
	at knot/net.minecraft.class_26.method_125(class_26.java:125) ~[server-intermediary.jar:?]
	at knot/net.minecraft.class_3218.method_14188(class_3218.java:833) ~[server-intermediary.jar:?]
	at knot/net.minecraft.class_3218.method_14176(class_3218.java:815) ~[server-intermediary.jar:?]
	at knot/net.minecraft.server.MinecraftServer.method_3723(MinecraftServer.java:556) ~[server-intermediary.jar:?]
	at knot/net.minecraft.server.MinecraftServer.method_39218(MinecraftServer.java:580) ~[server-intermediary.jar:?]
	at knot/net.minecraft.server.MinecraftServer.method_3748(MinecraftServer.java:924) ~[server-intermediary.jar:?]
	at knot/net.minecraft.server.MinecraftServer.method_29741(MinecraftServer.java:697) ~[server-intermediary.jar:?]
	at knot/net.minecraft.server.MinecraftServer.method_29739(MinecraftServer.java:281) ~[server-intermediary.jar:?]
	at java.base/java.lang.Thread.run(Unknown Source) [?:?]
[21:53:48] [Server thread/ERROR]: Could not save data net.minecraft.class_3767@245f224a
java.nio.file.AccessDeniedException: ./world-terra-seeded-01/DIM-1/data/raids.dat
	at java.base/sun.nio.fs.UnixException.translateToIOException(Unknown Source) ~[?:?]
	at java.base/sun.nio.fs.UnixException.rethrowAsIOException(Unknown Source) ~[?:?]
	at java.base/sun.nio.fs.UnixException.rethrowAsIOException(Unknown Source) ~[?:?]
	at java.base/sun.nio.fs.UnixFileSystemProvider.newByteChannel(Unknown Source) ~[?:?]
	at java.base/java.nio.file.spi.FileSystemProvider.newOutputStream(Unknown Source) ~[?:?]
	at java.base/java.nio.file.Files.newOutputStream(Unknown Source) ~[?:?]
	at knot/net.minecraft.class_2507.method_30614(class_2507.java:71) ~[server-intermediary.jar:?]
	at knot/net.minecraft.class_18.method_17919(class_18.java:46) ~[server-intermediary.jar:?]
	at knot/net.minecraft.class_26.method_32384(class_26.java:127) ~[server-intermediary.jar:?]
	at java.base/java.util.HashMap.forEach(Unknown Source) ~[?:?]
	at knot/net.minecraft.class_26.method_125(class_26.java:125) ~[server-intermediary.jar:?]
	at knot/net.minecraft.class_3218.method_14188(class_3218.java:833) ~[server-intermediary.jar:?]
	at knot/net.minecraft.class_3218.method_14176(class_3218.java:815) ~[server-intermediary.jar:?]
	at knot/net.minecraft.server.MinecraftServer.method_3723(MinecraftServer.java:556) ~[server-intermediary.jar:?]
	at knot/net.minecraft.server.MinecraftServer.method_39218(MinecraftServer.java:580) ~[server-intermediary.jar:?]
	at knot/net.minecraft.server.MinecraftServer.method_3748(MinecraftServer.java:924) ~[server-intermediary.jar:?]
	at knot/net.minecraft.server.MinecraftServer.method_29741(MinecraftServer.java:697) ~[server-intermediary.jar:?]
	at knot/net.minecraft.server.MinecraftServer.method_29739(MinecraftServer.java:281) ~[server-intermediary.jar:?]
	at java.base/java.lang.Thread.run(Unknown Source) [?:?]
[21:53:48] [Server thread/ERROR]: Could not save data net.minecraft.class_3767@6f8937cc
java.nio.file.AccessDeniedException: ./world-terra-seeded-01/DIM1/data/raids_end.dat
	at java.base/sun.nio.fs.UnixException.translateToIOException(Unknown Source) ~[?:?]
	at java.base/sun.nio.fs.UnixException.rethrowAsIOException(Unknown Source) ~[?:?]
	at java.base/sun.nio.fs.UnixException.rethrowAsIOException(Unknown Source) ~[?:?]
	at java.base/sun.nio.fs.UnixFileSystemProvider.newByteChannel(Unknown Source) ~[?:?]
	at java.base/java.nio.file.spi.FileSystemProvider.newOutputStream(Unknown Source) ~[?:?]
	at java.base/java.nio.file.Files.newOutputStream(Unknown Source) ~[?:?]
	at knot/net.minecraft.class_2507.method_30614(class_2507.java:71) ~[server-intermediary.jar:?]
	at knot/net.minecraft.class_18.method_17919(class_18.java:46) ~[server-intermediary.jar:?]
	at knot/net.minecraft.class_26.method_32384(class_26.java:127) ~[server-intermediary.jar:?]
	at java.base/java.util.HashMap.forEach(Unknown Source) ~[?:?]
	at knot/net.minecraft.class_26.method_125(class_26.java:125) ~[server-intermediary.jar:?]
	at knot/net.minecraft.class_3218.method_14188(class_3218.java:833) ~[server-intermediary.jar:?]
	at knot/net.minecraft.class_3218.method_14176(class_3218.java:815) ~[server-intermediary.jar:?]
	at knot/net.minecraft.server.MinecraftServer.method_3723(MinecraftServer.java:556) ~[server-intermediary.jar:?]
	at knot/net.minecraft.server.MinecraftServer.method_39218(MinecraftServer.java:580) ~[server-intermediary.jar:?]
	at knot/net.minecraft.server.MinecraftServer.method_3748(MinecraftServer.java:924) ~[server-intermediary.jar:?]
	at knot/net.minecraft.server.MinecraftServer.method_29741(MinecraftServer.java:697) ~[server-intermediary.jar:?]
	at knot/net.minecraft.server.MinecraftServer.method_29739(MinecraftServer.java:281) ~[server-intermediary.jar:?]
	at java.base/java.lang.Thread.run(Unknown Source) [?:?]
[21:53:48] [Server thread/ERROR]: Failed to save level ./world-terra-seeded-01
java.nio.file.AccessDeniedException: ./world-terra-seeded-01/level9069944481376078120.dat
	at java.base/sun.nio.fs.UnixException.translateToIOException(Unknown Source) ~[?:?]
	at java.base/sun.nio.fs.UnixException.rethrowAsIOException(Unknown Source) ~[?:?]
	at java.base/sun.nio.fs.UnixException.rethrowAsIOException(Unknown Source) ~[?:?]
	at java.base/sun.nio.fs.UnixFileSystemProvider.newByteChannel(Unknown Source) ~[?:?]
	at java.base/java.nio.file.Files.newByteChannel(Unknown Source) ~[?:?]
	at java.base/java.nio.file.Files.createFile(Unknown Source) ~[?:?]
	at java.base/java.nio.file.TempFileHelper.create(Unknown Source) ~[?:?]
	at java.base/java.nio.file.TempFileHelper.createTempFile(Unknown Source) ~[?:?]
	at java.base/java.nio.file.Files.createTempFile(Unknown Source) ~[?:?]
	at knot/net.minecraft.class_32$class_5143.method_54538(class_32.java:463) ~[server-intermediary.jar:?]
	at knot/net.minecraft.class_32$class_5143.method_27426(class_32.java:457) ~[server-intermediary.jar:?]
	at knot/net.minecraft.server.MinecraftServer.method_3723(MinecraftServer.java:563) ~[server-intermediary.jar:?]
	at knot/net.minecraft.server.MinecraftServer.method_39218(MinecraftServer.java:580) ~[server-intermediary.jar:?]
	at knot/net.minecraft.server.MinecraftServer.method_3748(MinecraftServer.java:924) ~[server-intermediary.jar:?]
	at knot/net.minecraft.server.MinecraftServer.method_29741(MinecraftServer.java:697) ~[server-intermediary.jar:?]
	at knot/net.minecraft.server.MinecraftServer.method_29739(MinecraftServer.java:281) ~[server-intermediary.jar:?]
	at java.base/java.lang.Thread.run(Unknown Source) [?:?]
[21:58:48] [Server thread/ERROR]: Could not save data net.minecraft.class_3767@44b5b6
java.nio.file.AccessDeniedException: ./world-terra-seeded-01/data/raids.dat
	at java.base/sun.nio.fs.UnixException.translateToIOException(Unknown Source) ~[?:?]
	at java.base/sun.nio.fs.UnixException.rethrowAsIOException(Unknown Source) ~[?:?]
	at java.base/sun.nio.fs.UnixException.rethrowAsIOException(Unknown Source) ~[?:?]
	at java.base/sun.nio.fs.UnixFileSystemProvider.newByteChannel(Unknown Source) ~[?:?]
	at java.base/java.nio.file.spi.FileSystemProvider.newOutputStream(Unknown Source) ~[?:?]
	at java.base/java.nio.file.Files.newOutputStream(Unknown Source) ~[?:?]
	at knot/net.minecraft.class_2507.method_30614(class_2507.java:71) ~[server-intermediary.jar:?]
	at knot/net.minecraft.class_18.method_17919(class_18.java:46) ~[server-intermediary.jar:?]
	at knot/net.minecraft.class_26.method_32384(class_26.java:127) ~[server-intermediary.jar:?]
	at java.base/java.util.HashMap.forEach(Unknown Source) ~[?:?]
	at knot/net.minecraft.class_26.method_125(class_26.java:125) ~[server-intermediary.jar:?]
	at knot/net.minecraft.class_3218.method_14188(class_3218.java:833) ~[server-intermediary.jar:?]
	at knot/net.minecraft.class_3218.method_14176(class_3218.java:815) ~[server-intermediary.jar:?]
	at knot/net.minecraft.server.MinecraftServer.method_3723(MinecraftServer.java:556) ~[server-intermediary.jar:?]
	at knot/net.minecraft.server.MinecraftServer.method_39218(MinecraftServer.java:580) ~[server-intermediary.jar:?]
	at knot/net.minecraft.server.MinecraftServer.method_3748(MinecraftServer.java:924) ~[server-intermediary.jar:?]
	at knot/net.minecraft.server.MinecraftServer.method_29741(MinecraftServer.java:697) ~[server-intermediary.jar:?]
	at knot/net.minecraft.server.MinecraftServer.method_29739(MinecraftServer.java:281) ~[server-intermediary.jar:?]
	at java.base/java.lang.Thread.run(Unknown Source) [?:?]
[21:58:48] [Server thread/ERROR]: Could not save data net.minecraft.class_3767@245f224a
java.nio.file.AccessDeniedException: ./world-terra-seeded-01/DIM-1/data/raids.dat
	at java.base/sun.nio.fs.UnixException.translateToIOException(Unknown Source) ~[?:?]
	at java.base/sun.nio.fs.UnixException.rethrowAsIOException(Unknown Source) ~[?:?]
	at java.base/sun.nio.fs.UnixException.rethrowAsIOException(Unknown Source) ~[?:?]
	at java.base/sun.nio.fs.UnixFileSystemProvider.newByteChannel(Unknown Source) ~[?:?]
	at java.base/java.nio.file.spi.FileSystemProvider.newOutputStream(Unknown Source) ~[?:?]
	at java.base/java.nio.file.Files.newOutputStream(Unknown Source) ~[?:?]
	at knot/net.minecraft.class_2507.method_30614(class_2507.java:71) ~[server-intermediary.jar:?]
	at knot/net.minecraft.class_18.method_17919(class_18.java:46) ~[server-intermediary.jar:?]
	at knot/net.minecraft.class_26.method_32384(class_26.java:127) ~[server-intermediary.jar:?]
	at java.base/java.util.HashMap.forEach(Unknown Source) ~[?:?]
	at knot/net.minecraft.class_26.method_125(class_26.java:125) ~[server-intermediary.jar:?]
	at knot/net.minecraft.class_3218.method_14188(class_3218.java:833) ~[server-intermediary.jar:?]
	at knot/net.minecraft.class_3218.method_14176(class_3218.java:815) ~[server-intermediary.jar:?]
	at knot/net.minecraft.server.MinecraftServer.method_3723(MinecraftServer.java:556) ~[server-intermediary.jar:?]
	at knot/net.minecraft.server.MinecraftServer.method_39218(MinecraftServer.java:580) ~[server-intermediary.jar:?]
	at knot/net.minecraft.server.MinecraftServer.method_3748(MinecraftServer.java:924) ~[server-intermediary.jar:?]
	at knot/net.minecraft.server.MinecraftServer.method_29741(MinecraftServer.java:697) ~[server-intermediary.jar:?]
	at knot/net.minecraft.server.MinecraftServer.method_29739(MinecraftServer.java:281) ~[server-intermediary.jar:?]
	at java.base/java.lang.Thread.run(Unknown Source) [?:?]
[21:58:48] [Server thread/ERROR]: Could not save data net.minecraft.class_3767@6f8937cc
java.nio.file.AccessDeniedException: ./world-terra-seeded-01/DIM1/data/raids_end.dat
	at java.base/sun.nio.fs.UnixException.translateToIOException(Unknown Source) ~[?:?]
	at java.base/sun.nio.fs.UnixException.rethrowAsIOException(Unknown Source) ~[?:?]
	at java.base/sun.nio.fs.UnixException.rethrowAsIOException(Unknown Source) ~[?:?]
	at java.base/sun.nio.fs.UnixFileSystemProvider.newByteChannel(Unknown Source) ~[?:?]
	at java.base/java.nio.file.spi.FileSystemProvider.newOutputStream(Unknown Source) ~[?:?]
	at java.base/java.nio.file.Files.newOutputStream(Unknown Source) ~[?:?]
	at knot/net.minecraft.class_2507.method_30614(class_2507.java:71) ~[server-intermediary.jar:?]
	at knot/net.minecraft.class_18.method_17919(class_18.java:46) ~[server-intermediary.jar:?]
	at knot/net.minecraft.class_26.method_32384(class_26.java:127) ~[server-intermediary.jar:?]
	at java.base/java.util.HashMap.forEach(Unknown Source) ~[?:?]
	at knot/net.minecraft.class_26.method_125(class_26.java:125) ~[server-intermediary.jar:?]
	at knot/net.minecraft.class_3218.method_14188(class_3218.java:833) ~[server-intermediary.jar:?]
	at knot/net.minecraft.class_3218.method_14176(class_3218.java:815) ~[server-intermediary.jar:?]
	at knot/net.minecraft.server.MinecraftServer.method_3723(MinecraftServer.java:556) ~[server-intermediary.jar:?]
	at knot/net.minecraft.server.MinecraftServer.method_39218(MinecraftServer.java:580) ~[server-intermediary.jar:?]
	at knot/net.minecraft.server.MinecraftServer.method_3748(MinecraftServer.java:924) ~[server-intermediary.jar:?]
	at knot/net.minecraft.server.MinecraftServer.method_29741(MinecraftServer.java:697) ~[server-intermediary.jar:?]
	at knot/net.minecraft.server.MinecraftServer.method_29739(MinecraftServer.java:281) ~[server-intermediary.jar:?]
	at java.base/java.lang.Thread.run(Unknown Source) [?:?]
[21:58:48] [Server thread/ERROR]: Failed to save level ./world-terra-seeded-01
java.nio.file.AccessDeniedException: ./world-terra-seeded-01/level6993884336810147375.dat
	at java.base/sun.nio.fs.UnixException.translateToIOException(Unknown Source) ~[?:?]
	at java.base/sun.nio.fs.UnixException.rethrowAsIOException(Unknown Source) ~[?:?]
	at java.base/sun.nio.fs.UnixException.rethrowAsIOException(Unknown Source) ~[?:?]
	at java.base/sun.nio.fs.UnixFileSystemProvider.newByteChannel(Unknown Source) ~[?:?]
	at java.base/java.nio.file.Files.newByteChannel(Unknown Source) ~[?:?]
	at java.base/java.nio.file.Files.createFile(Unknown Source) ~[?:?]
	at java.base/java.nio.file.TempFileHelper.create(Unknown Source) ~[?:?]
	at java.base/java.nio.file.TempFileHelper.createTempFile(Unknown Source) ~[?:?]
	at java.base/java.nio.file.Files.createTempFile(Unknown Source) ~[?:?]
	at knot/net.minecraft.class_32$class_5143.method_54538(class_32.java:463) ~[server-intermediary.jar:?]
	at knot/net.minecraft.class_32$class_5143.method_27426(class_32.java:457) ~[server-intermediary.jar:?]
	at knot/net.minecraft.server.MinecraftServer.method_3723(MinecraftServer.java:563) ~[server-intermediary.jar:?]
	at knot/net.minecraft.server.MinecraftServer.method_39218(MinecraftServer.java:580) ~[server-intermediary.jar:?]
	at knot/net.minecraft.server.MinecraftServer.method_3748(MinecraftServer.java:924) ~[server-intermediary.jar:?]
	at knot/net.minecraft.server.MinecraftServer.method_29741(MinecraftServer.java:697) ~[server-intermediary.jar:?]
	at knot/net.minecraft.server.MinecraftServer.method_29739(MinecraftServer.java:281) ~[server-intermediary.jar:?]
	at java.base/java.lang.Thread.run(Unknown Source) [?:?]
[22:03:48] [Server thread/ERROR]: Could not save data net.minecraft.class_3767@44b5b6
java.nio.file.AccessDeniedException: ./world-terra-seeded-01/data/raids.dat
	at java.base/sun.nio.fs.UnixException.translateToIOException(Unknown Source) ~[?:?]
	at java.base/sun.nio.fs.UnixException.rethrowAsIOException(Unknown Source) ~[?:?]
	at java.base/sun.nio.fs.UnixException.rethrowAsIOException(Unknown Source) ~[?:?]
	at java.base/sun.nio.fs.UnixFileSystemProvider.newByteChannel(Unknown Source) ~[?:?]
	at java.base/java.nio.file.spi.FileSystemProvider.newOutputStream(Unknown Source) ~[?:?]
	at java.base/java.nio.file.Files.newOutputStream(Unknown Source) ~[?:?]
	at knot/net.minecraft.class_2507.method_30614(class_2507.java:71) ~[server-intermediary.jar:?]
	at knot/net.minecraft.class_18.method_17919(class_18.java:46) ~[server-intermediary.jar:?]
	at knot/net.minecraft.class_26.method_32384(class_26.java:127) ~[server-intermediary.jar:?]
	at java.base/java.util.HashMap.forEach(Unknown Source) ~[?:?]
	at knot/net.minecraft.class_26.method_125(class_26.java:125) ~[server-intermediary.jar:?]
	at knot/net.minecraft.class_3218.method_14188(class_3218.java:833) ~[server-intermediary.jar:?]
	at knot/net.minecraft.class_3218.method_14176(class_3218.java:815) ~[server-intermediary.jar:?]
	at knot/net.minecraft.server.MinecraftServer.method_3723(MinecraftServer.java:556) ~[server-intermediary.jar:?]
	at knot/net.minecraft.server.MinecraftServer.method_39218(MinecraftServer.java:580) ~[server-intermediary.jar:?]
	at knot/net.minecraft.server.MinecraftServer.method_3748(MinecraftServer.java:924) ~[server-intermediary.jar:?]
	at knot/net.minecraft.server.MinecraftServer.method_29741(MinecraftServer.java:697) ~[server-intermediary.jar:?]
	at knot/net.minecraft.server.MinecraftServer.method_29739(MinecraftServer.java:281) ~[server-intermediary.jar:?]
	at java.base/java.lang.Thread.run(Unknown Source) [?:?]
[22:03:48] [Server thread/ERROR]: Could not save data net.minecraft.class_3767@245f224a
java.nio.file.AccessDeniedException: ./world-terra-seeded-01/DIM-1/data/raids.dat
	at java.base/sun.nio.fs.UnixException.translateToIOException(Unknown Source) ~[?:?]
	at java.base/sun.nio.fs.UnixException.rethrowAsIOException(Unknown Source) ~[?:?]
	at java.base/sun.nio.fs.UnixException.rethrowAsIOException(Unknown Source) ~[?:?]
	at java.base/sun.nio.fs.UnixFileSystemProvider.newByteChannel(Unknown Source) ~[?:?]
	at java.base/java.nio.file.spi.FileSystemProvider.newOutputStream(Unknown Source) ~[?:?]
	at java.base/java.nio.file.Files.newOutputStream(Unknown Source) ~[?:?]
	at knot/net.minecraft.class_2507.method_30614(class_2507.java:71) ~[server-intermediary.jar:?]
	at knot/net.minecraft.class_18.method_17919(class_18.java:46) ~[server-intermediary.jar:?]
	at knot/net.minecraft.class_26.method_32384(class_26.java:127) ~[server-intermediary.jar:?]
	at java.base/java.util.HashMap.forEach(Unknown Source) ~[?:?]
	at knot/net.minecraft.class_26.method_125(class_26.java:125) ~[server-intermediary.jar:?]
	at knot/net.minecraft.class_3218.method_14188(class_3218.java:833) ~[server-intermediary.jar:?]
	at knot/net.minecraft.class_3218.method_14176(class_3218.java:815) ~[server-intermediary.jar:?]
	at knot/net.minecraft.server.MinecraftServer.method_3723(MinecraftServer.java:556) ~[server-intermediary.jar:?]
	at knot/net.minecraft.server.MinecraftServer.method_39218(MinecraftServer.java:580) ~[server-intermediary.jar:?]
	at knot/net.minecraft.server.MinecraftServer.method_3748(MinecraftServer.java:924) ~[server-intermediary.jar:?]
	at knot/net.minecraft.server.MinecraftServer.method_29741(MinecraftServer.java:697) ~[server-intermediary.jar:?]
	at knot/net.minecraft.server.MinecraftServer.method_29739(MinecraftServer.java:281) ~[server-intermediary.jar:?]
	at java.base/java.lang.Thread.run(Unknown Source) [?:?]
[22:03:48] [Server thread/ERROR]: Could not save data net.minecraft.class_3767@6f8937cc
java.nio.file.AccessDeniedException: ./world-terra-seeded-01/DIM1/data/raids_end.dat
	at java.base/sun.nio.fs.UnixException.translateToIOException(Unknown Source) ~[?:?]
	at java.base/sun.nio.fs.UnixException.rethrowAsIOException(Unknown Source) ~[?:?]
	at java.base/sun.nio.fs.UnixException.rethrowAsIOException(Unknown Source) ~[?:?]
	at java.base/sun.nio.fs.UnixFileSystemProvider.newByteChannel(Unknown Source) ~[?:?]
	at java.base/java.nio.file.spi.FileSystemProvider.newOutputStream(Unknown Source) ~[?:?]
	at java.base/java.nio.file.Files.newOutputStream(Unknown Source) ~[?:?]
	at knot/net.minecraft.class_2507.method_30614(class_2507.java:71) ~[server-intermediary.jar:?]
	at knot/net.minecraft.class_18.method_17919(class_18.java:46) ~[server-intermediary.jar:?]
	at knot/net.minecraft.class_26.method_32384(class_26.java:127) ~[server-intermediary.jar:?]
	at java.base/java.util.HashMap.forEach(Unknown Source) ~[?:?]
	at knot/net.minecraft.class_26.method_125(class_26.java:125) ~[server-intermediary.jar:?]
	at knot/net.minecraft.class_3218.method_14188(class_3218.java:833) ~[server-intermediary.jar:?]
	at knot/net.minecraft.class_3218.method_14176(class_3218.java:815) ~[server-intermediary.jar:?]
	at knot/net.minecraft.server.MinecraftServer.method_3723(MinecraftServer.java:556) ~[server-intermediary.jar:?]
	at knot/net.minecraft.server.MinecraftServer.method_39218(MinecraftServer.java:580) ~[server-intermediary.jar:?]
	at knot/net.minecraft.server.MinecraftServer.method_3748(MinecraftServer.java:924) ~[server-intermediary.jar:?]
	at knot/net.minecraft.server.MinecraftServer.method_29741(MinecraftServer.java:697) ~[server-intermediary.jar:?]
	at knot/net.minecraft.server.MinecraftServer.method_29739(MinecraftServer.java:281) ~[server-intermediary.jar:?]
	at java.base/java.lang.Thread.run(Unknown Source) [?:?]
[22:03:48] [Server thread/ERROR]: Failed to save level ./world-terra-seeded-01
java.nio.file.AccessDeniedException: ./world-terra-seeded-01/level4146712284991708231.dat
	at java.base/sun.nio.fs.UnixException.translateToIOException(Unknown Source) ~[?:?]
	at java.base/sun.nio.fs.UnixException.rethrowAsIOException(Unknown Source) ~[?:?]
	at java.base/sun.nio.fs.UnixException.rethrowAsIOException(Unknown Source) ~[?:?]
	at java.base/sun.nio.fs.UnixFileSystemProvider.newByteChannel(Unknown Source) ~[?:?]
	at java.base/java.nio.file.Files.newByteChannel(Unknown Source) ~[?:?]
	at java.base/java.nio.file.Files.createFile(Unknown Source) ~[?:?]
	at java.base/java.nio.file.TempFileHelper.create(Unknown Source) ~[?:?]
	at java.base/java.nio.file.TempFileHelper.createTempFile(Unknown Source) ~[?:?]
	at java.base/java.nio.file.Files.createTempFile(Unknown Source) ~[?:?]
	at knot/net.minecraft.class_32$class_5143.method_54538(class_32.java:463) ~[server-intermediary.jar:?]
	at knot/net.minecraft.class_32$class_5143.method_27426(class_32.java:457) ~[server-intermediary.jar:?]
	at knot/net.minecraft.server.MinecraftServer.method_3723(MinecraftServer.java:563) ~[server-intermediary.jar:?]
	at knot/net.minecraft.server.MinecraftServer.method_39218(MinecraftServer.java:580) ~[server-intermediary.jar:?]
	at knot/net.minecraft.server.MinecraftServer.method_3748(MinecraftServer.java:924) ~[server-intermediary.jar:?]
	at knot/net.minecraft.server.MinecraftServer.method_29741(MinecraftServer.java:697) ~[server-intermediary.jar:?]
	at knot/net.minecraft.server.MinecraftServer.method_29739(MinecraftServer.java:281) ~[server-intermediary.jar:?]
	at java.base/java.lang.Thread.run(Unknown Source) [?:?]
[22:08:48] [Server thread/ERROR]: Could not save data net.minecraft.class_3767@44b5b6
java.nio.file.AccessDeniedException: ./world-terra-seeded-01/data/raids.dat
	at java.base/sun.nio.fs.UnixException.translateToIOException(Unknown Source) ~[?:?]
	at java.base/sun.nio.fs.UnixException.rethrowAsIOException(Unknown Source) ~[?:?]
	at java.base/sun.nio.fs.UnixException.rethrowAsIOException(Unknown Source) ~[?:?]
	at java.base/sun.nio.fs.UnixFileSystemProvider.newByteChannel(Unknown Source) ~[?:?]
	at java.base/java.nio.file.spi.FileSystemProvider.newOutputStream(Unknown Source) ~[?:?]
	at java.base/java.nio.file.Files.newOutputStream(Unknown Source) ~[?:?]
	at knot/net.minecraft.class_2507.method_30614(class_2507.java:71) ~[server-intermediary.jar:?]
	at knot/net.minecraft.class_18.method_17919(class_18.java:46) ~[server-intermediary.jar:?]
	at knot/net.minecraft.class_26.method_32384(class_26.java:127) ~[server-intermediary.jar:?]
	at java.base/java.util.HashMap.forEach(Unknown Source) ~[?:?]
	at knot/net.minecraft.class_26.method_125(class_26.java:125) ~[server-intermediary.jar:?]
	at knot/net.minecraft.class_3218.method_14188(class_3218.java:833) ~[server-intermediary.jar:?]
	at knot/net.minecraft.class_3218.method_14176(class_3218.java:815) ~[server-intermediary.jar:?]
	at knot/net.minecraft.server.MinecraftServer.method_3723(MinecraftServer.java:556) ~[server-intermediary.jar:?]
	at knot/net.minecraft.server.MinecraftServer.method_39218(MinecraftServer.java:580) ~[server-intermediary.jar:?]
	at knot/net.minecraft.server.MinecraftServer.method_3748(MinecraftServer.java:924) ~[server-intermediary.jar:?]
	at knot/net.minecraft.server.MinecraftServer.method_29741(MinecraftServer.java:697) ~[server-intermediary.jar:?]
	at knot/net.minecraft.server.MinecraftServer.method_29739(MinecraftServer.java:281) ~[server-intermediary.jar:?]
	at java.base/java.lang.Thread.run(Unknown Source) [?:?]
[22:08:48] [Server thread/ERROR]: Could not save data net.minecraft.class_3767@245f224a
java.nio.file.AccessDeniedException: ./world-terra-seeded-01/DIM-1/data/raids.dat
	at java.base/sun.nio.fs.UnixException.translateToIOException(Unknown Source) ~[?:?]
	at java.base/sun.nio.fs.UnixException.rethrowAsIOException(Unknown Source) ~[?:?]
	at java.base/sun.nio.fs.UnixException.rethrowAsIOException(Unknown Source) ~[?:?]
	at java.base/sun.nio.fs.UnixFileSystemProvider.newByteChannel(Unknown Source) ~[?:?]
	at java.base/java.nio.file.spi.FileSystemProvider.newOutputStream(Unknown Source) ~[?:?]
	at java.base/java.nio.file.Files.newOutputStream(Unknown Source) ~[?:?]
	at knot/net.minecraft.class_2507.method_30614(class_2507.java:71) ~[server-intermediary.jar:?]
	at knot/net.minecraft.class_18.method_17919(class_18.java:46) ~[server-intermediary.jar:?]
	at knot/net.minecraft.class_26.method_32384(class_26.java:127) ~[server-intermediary.jar:?]
	at java.base/java.util.HashMap.forEach(Unknown Source) ~[?:?]
	at knot/net.minecraft.class_26.method_125(class_26.java:125) ~[server-intermediary.jar:?]
	at knot/net.minecraft.class_3218.method_14188(class_3218.java:833) ~[server-intermediary.jar:?]
	at knot/net.minecraft.class_3218.method_14176(class_3218.java:815) ~[server-intermediary.jar:?]
	at knot/net.minecraft.server.MinecraftServer.method_3723(MinecraftServer.java:556) ~[server-intermediary.jar:?]
	at knot/net.minecraft.server.MinecraftServer.method_39218(MinecraftServer.java:580) ~[server-intermediary.jar:?]
	at knot/net.minecraft.server.MinecraftServer.method_3748(MinecraftServer.java:924) ~[server-intermediary.jar:?]
	at knot/net.minecraft.server.MinecraftServer.method_29741(MinecraftServer.java:697) ~[server-intermediary.jar:?]
	at knot/net.minecraft.server.MinecraftServer.method_29739(MinecraftServer.java:281) ~[server-intermediary.jar:?]
	at java.base/java.lang.Thread.run(Unknown Source) [?:?]
[22:08:48] [Server thread/ERROR]: Could not save data net.minecraft.class_3767@6f8937cc
java.nio.file.AccessDeniedException: ./world-terra-seeded-01/DIM1/data/raids_end.dat
	at java.base/sun.nio.fs.UnixException.translateToIOException(Unknown Source) ~[?:?]
	at java.base/sun.nio.fs.UnixException.rethrowAsIOException(Unknown Source) ~[?:?]
	at java.base/sun.nio.fs.UnixException.rethrowAsIOException(Unknown Source) ~[?:?]
	at java.base/sun.nio.fs.UnixFileSystemProvider.newByteChannel(Unknown Source) ~[?:?]
	at java.base/java.nio.file.spi.FileSystemProvider.newOutputStream(Unknown Source) ~[?:?]
	at java.base/java.nio.file.Files.newOutputStream(Unknown Source) ~[?:?]
	at knot/net.minecraft.class_2507.method_30614(class_2507.java:71) ~[server-intermediary.jar:?]
	at knot/net.minecraft.class_18.method_17919(class_18.java:46) ~[server-intermediary.jar:?]
	at knot/net.minecraft.class_26.method_32384(class_26.java:127) ~[server-intermediary.jar:?]
	at java.base/java.util.HashMap.forEach(Unknown Source) ~[?:?]
	at knot/net.minecraft.class_26.method_125(class_26.java:125) ~[server-intermediary.jar:?]
	at knot/net.minecraft.class_3218.method_14188(class_3218.java:833) ~[server-intermediary.jar:?]
	at knot/net.minecraft.class_3218.method_14176(class_3218.java:815) ~[server-intermediary.jar:?]
	at knot/net.minecraft.server.MinecraftServer.method_3723(MinecraftServer.java:556) ~[server-intermediary.jar:?]
	at knot/net.minecraft.server.MinecraftServer.method_39218(MinecraftServer.java:580) ~[server-intermediary.jar:?]
	at knot/net.minecraft.server.MinecraftServer.method_3748(MinecraftServer.java:924) ~[server-intermediary.jar:?]
	at knot/net.minecraft.server.MinecraftServer.method_29741(MinecraftServer.java:697) ~[server-intermediary.jar:?]
	at knot/net.minecraft.server.MinecraftServer.method_29739(MinecraftServer.java:281) ~[server-intermediary.jar:?]
	at java.base/java.lang.Thread.run(Unknown Source) [?:?]
[22:08:48] [Server thread/ERROR]: Failed to save level ./world-terra-seeded-01
java.nio.file.AccessDeniedException: ./world-terra-seeded-01/level6854533607556522653.dat
	at java.base/sun.nio.fs.UnixException.translateToIOException(Unknown Source) ~[?:?]
	at java.base/sun.nio.fs.UnixException.rethrowAsIOException(Unknown Source) ~[?:?]
	at java.base/sun.nio.fs.UnixException.rethrowAsIOException(Unknown Source) ~[?:?]
	at java.base/sun.nio.fs.UnixFileSystemProvider.newByteChannel(Unknown Source) ~[?:?]
	at java.base/java.nio.file.Files.newByteChannel(Unknown Source) ~[?:?]
	at java.base/java.nio.file.Files.createFile(Unknown Source) ~[?:?]
	at java.base/java.nio.file.TempFileHelper.create(Unknown Source) ~[?:?]
	at java.base/java.nio.file.TempFileHelper.createTempFile(Unknown Source) ~[?:?]
	at java.base/java.nio.file.Files.createTempFile(Unknown Source) ~[?:?]
	at knot/net.minecraft.class_32$class_5143.method_54538(class_32.java:463) ~[server-intermediary.jar:?]
	at knot/net.minecraft.class_32$class_5143.method_27426(class_32.java:457) ~[server-intermediary.jar:?]
	at knot/net.minecraft.server.MinecraftServer.method_3723(MinecraftServer.java:563) ~[server-intermediary.jar:?]
	at knot/net.minecraft.server.MinecraftServer.method_39218(MinecraftServer.java:580) ~[server-intermediary.jar:?]
	at knot/net.minecraft.server.MinecraftServer.method_3748(MinecraftServer.java:924) ~[server-intermediary.jar:?]
	at knot/net.minecraft.server.MinecraftServer.method_29741(MinecraftServer.java:697) ~[server-intermediary.jar:?]
	at knot/net.minecraft.server.MinecraftServer.method_29739(MinecraftServer.java:281) ~[server-intermediary.jar:?]
	at java.base/java.lang.Thread.run(Unknown Source) [?:?]
[22:13:48] [Server thread/ERROR]: Could not save data net.minecraft.class_3767@44b5b6
java.nio.file.AccessDeniedException: ./world-terra-seeded-01/data/raids.dat
	at java.base/sun.nio.fs.UnixException.translateToIOException(Unknown Source) ~[?:?]
	at java.base/sun.nio.fs.UnixException.rethrowAsIOException(Unknown Source) ~[?:?]
	at java.base/sun.nio.fs.UnixException.rethrowAsIOException(Unknown Source) ~[?:?]
	at java.base/sun.nio.fs.UnixFileSystemProvider.newByteChannel(Unknown Source) ~[?:?]
	at java.base/java.nio.file.spi.FileSystemProvider.newOutputStream(Unknown Source) ~[?:?]
	at java.base/java.nio.file.Files.newOutputStream(Unknown Source) ~[?:?]
	at knot/net.minecraft.class_2507.method_30614(class_2507.java:71) ~[server-intermediary.jar:?]
	at knot/net.minecraft.class_18.method_17919(class_18.java:46) ~[server-intermediary.jar:?]
	at knot/net.minecraft.class_26.method_32384(class_26.java:127) ~[server-intermediary.jar:?]
	at java.base/java.util.HashMap.forEach(Unknown Source) ~[?:?]
	at knot/net.minecraft.class_26.method_125(class_26.java:125) ~[server-intermediary.jar:?]
	at knot/net.minecraft.class_3218.method_14188(class_3218.java:833) ~[server-intermediary.jar:?]
	at knot/net.minecraft.class_3218.method_14176(class_3218.java:815) ~[server-intermediary.jar:?]
	at knot/net.minecraft.server.MinecraftServer.method_3723(MinecraftServer.java:556) ~[server-intermediary.jar:?]
	at knot/net.minecraft.server.MinecraftServer.method_39218(MinecraftServer.java:580) ~[server-intermediary.jar:?]
	at knot/net.minecraft.server.MinecraftServer.method_3748(MinecraftServer.java:924) ~[server-intermediary.jar:?]
	at knot/net.minecraft.server.MinecraftServer.method_29741(MinecraftServer.java:697) ~[server-intermediary.jar:?]
	at knot/net.minecraft.server.MinecraftServer.method_29739(MinecraftServer.java:281) ~[server-intermediary.jar:?]
	at java.base/java.lang.Thread.run(Unknown Source) [?:?]
[22:13:48] [Server thread/ERROR]: Could not save data net.minecraft.class_3767@245f224a
java.nio.file.AccessDeniedException: ./world-terra-seeded-01/DIM-1/data/raids.dat
	at java.base/sun.nio.fs.UnixException.translateToIOException(Unknown Source) ~[?:?]
	at java.base/sun.nio.fs.UnixException.rethrowAsIOException(Unknown Source) ~[?:?]
	at java.base/sun.nio.fs.UnixException.rethrowAsIOException(Unknown Source) ~[?:?]
	at java.base/sun.nio.fs.UnixFileSystemProvider.newByteChannel(Unknown Source) ~[?:?]
	at java.base/java.nio.file.spi.FileSystemProvider.newOutputStream(Unknown Source) ~[?:?]
	at java.base/java.nio.file.Files.newOutputStream(Unknown Source) ~[?:?]
	at knot/net.minecraft.class_2507.method_30614(class_2507.java:71) ~[server-intermediary.jar:?]
	at knot/net.minecraft.class_18.method_17919(class_18.java:46) ~[server-intermediary.jar:?]
	at knot/net.minecraft.class_26.method_32384(class_26.java:127) ~[server-intermediary.jar:?]
	at java.base/java.util.HashMap.forEach(Unknown Source) ~[?:?]
	at knot/net.minecraft.class_26.method_125(class_26.java:125) ~[server-intermediary.jar:?]
	at knot/net.minecraft.class_3218.method_14188(class_3218.java:833) ~[server-intermediary.jar:?]
	at knot/net.minecraft.class_3218.method_14176(class_3218.java:815) ~[server-intermediary.jar:?]
	at knot/net.minecraft.server.MinecraftServer.method_3723(MinecraftServer.java:556) ~[server-intermediary.jar:?]
	at knot/net.minecraft.server.MinecraftServer.method_39218(MinecraftServer.java:580) ~[server-intermediary.jar:?]
	at knot/net.minecraft.server.MinecraftServer.method_3748(MinecraftServer.java:924) ~[server-intermediary.jar:?]
	at knot/net.minecraft.server.MinecraftServer.method_29741(MinecraftServer.java:697) ~[server-intermediary.jar:?]
	at knot/net.minecraft.server.MinecraftServer.method_29739(MinecraftServer.java:281) ~[server-intermediary.jar:?]
	at java.base/java.lang.Thread.run(Unknown Source) [?:?]
[22:13:48] [Server thread/ERROR]: Could not save data net.minecraft.class_3767@6f8937cc
java.nio.file.AccessDeniedException: ./world-terra-seeded-01/DIM1/data/raids_end.dat
	at java.base/sun.nio.fs.UnixException.translateToIOException(Unknown Source) ~[?:?]
	at java.base/sun.nio.fs.UnixException.rethrowAsIOException(Unknown Source) ~[?:?]
	at java.base/sun.nio.fs.UnixException.rethrowAsIOException(Unknown Source) ~[?:?]
	at java.base/sun.nio.fs.UnixFileSystemProvider.newByteChannel(Unknown Source) ~[?:?]
	at java.base/java.nio.file.spi.FileSystemProvider.newOutputStream(Unknown Source) ~[?:?]
	at java.base/java.nio.file.Files.newOutputStream(Unknown Source) ~[?:?]
	at knot/net.minecraft.class_2507.method_30614(class_2507.java:71) ~[server-intermediary.jar:?]
	at knot/net.minecraft.class_18.method_17919(class_18.java:46) ~[server-intermediary.jar:?]
	at knot/net.minecraft.class_26.method_32384(class_26.java:127) ~[server-intermediary.jar:?]
	at java.base/java.util.HashMap.forEach(Unknown Source) ~[?:?]
	at knot/net.minecraft.class_26.method_125(class_26.java:125) ~[server-intermediary.jar:?]
	at knot/net.minecraft.class_3218.method_14188(class_3218.java:833) ~[server-intermediary.jar:?]
	at knot/net.minecraft.class_3218.method_14176(class_3218.java:815) ~[server-intermediary.jar:?]
	at knot/net.minecraft.server.MinecraftServer.method_3723(MinecraftServer.java:556) ~[server-intermediary.jar:?]
	at knot/net.minecraft.server.MinecraftServer.method_39218(MinecraftServer.java:580) ~[server-intermediary.jar:?]
	at knot/net.minecraft.server.MinecraftServer.method_3748(MinecraftServer.java:924) ~[server-intermediary.jar:?]
	at knot/net.minecraft.server.MinecraftServer.method_29741(MinecraftServer.java:697) ~[server-intermediary.jar:?]
	at knot/net.minecraft.server.MinecraftServer.method_29739(MinecraftServer.java:281) ~[server-intermediary.jar:?]
	at java.base/java.lang.Thread.run(Unknown Source) [?:?]
[22:13:48] [Server thread/ERROR]: Failed to save level ./world-terra-seeded-01
java.nio.file.AccessDeniedException: ./world-terra-seeded-01/level11157737346203234907.dat
	at java.base/sun.nio.fs.UnixException.translateToIOException(Unknown Source) ~[?:?]
	at java.base/sun.nio.fs.UnixException.rethrowAsIOException(Unknown Source) ~[?:?]
	at java.base/sun.nio.fs.UnixException.rethrowAsIOException(Unknown Source) ~[?:?]
	at java.base/sun.nio.fs.UnixFileSystemProvider.newByteChannel(Unknown Source) ~[?:?]
	at java.base/java.nio.file.Files.newByteChannel(Unknown Source) ~[?:?]
	at java.base/java.nio.file.Files.createFile(Unknown Source) ~[?:?]
	at java.base/java.nio.file.TempFileHelper.create(Unknown Source) ~[?:?]
	at java.base/java.nio.file.TempFileHelper.createTempFile(Unknown Source) ~[?:?]
	at java.base/java.nio.file.Files.createTempFile(Unknown Source) ~[?:?]
	at knot/net.minecraft.class_32$class_5143.method_54538(class_32.java:463) ~[server-intermediary.jar:?]
	at knot/net.minecraft.class_32$class_5143.method_27426(class_32.java:457) ~[server-intermediary.jar:?]
	at knot/net.minecraft.server.MinecraftServer.method_3723(MinecraftServer.java:563) ~[server-intermediary.jar:?]
	at knot/net.minecraft.server.MinecraftServer.method_39218(MinecraftServer.java:580) ~[server-intermediary.jar:?]
	at knot/net.minecraft.server.MinecraftServer.method_3748(MinecraftServer.java:924) ~[server-intermediary.jar:?]
	at knot/net.minecraft.server.MinecraftServer.method_29741(MinecraftServer.java:697) ~[server-intermediary.jar:?]
	at knot/net.minecraft.server.MinecraftServer.method_29739(MinecraftServer.java:281) ~[server-intermediary.jar:?]
	at java.base/java.lang.Thread.run(Unknown Source) [?:?]
[22:18:48] [Server thread/ERROR]: Could not save data net.minecraft.class_3767@44b5b6
java.nio.file.AccessDeniedException: ./world-terra-seeded-01/data/raids.dat
	at java.base/sun.nio.fs.UnixException.translateToIOException(Unknown Source) ~[?:?]
	at java.base/sun.nio.fs.UnixException.rethrowAsIOException(Unknown Source) ~[?:?]
	at java.base/sun.nio.fs.UnixException.rethrowAsIOException(Unknown Source) ~[?:?]
	at java.base/sun.nio.fs.UnixFileSystemProvider.newByteChannel(Unknown Source) ~[?:?]
	at java.base/java.nio.file.spi.FileSystemProvider.newOutputStream(Unknown Source) ~[?:?]
	at java.base/java.nio.file.Files.newOutputStream(Unknown Source) ~[?:?]
	at knot/net.minecraft.class_2507.method_30614(class_2507.java:71) ~[server-intermediary.jar:?]
	at knot/net.minecraft.class_18.method_17919(class_18.java:46) ~[server-intermediary.jar:?]
	at knot/net.minecraft.class_26.method_32384(class_26.java:127) ~[server-intermediary.jar:?]
	at java.base/java.util.HashMap.forEach(Unknown Source) ~[?:?]
	at knot/net.minecraft.class_26.method_125(class_26.java:125) ~[server-intermediary.jar:?]
	at knot/net.minecraft.class_3218.method_14188(class_3218.java:833) ~[server-intermediary.jar:?]
	at knot/net.minecraft.class_3218.method_14176(class_3218.java:815) ~[server-intermediary.jar:?]
	at knot/net.minecraft.server.MinecraftServer.method_3723(MinecraftServer.java:556) ~[server-intermediary.jar:?]
	at knot/net.minecraft.server.MinecraftServer.method_39218(MinecraftServer.java:580) ~[server-intermediary.jar:?]
	at knot/net.minecraft.server.MinecraftServer.method_3748(MinecraftServer.java:924) ~[server-intermediary.jar:?]
	at knot/net.minecraft.server.MinecraftServer.method_29741(MinecraftServer.java:697) ~[server-intermediary.jar:?]
	at knot/net.minecraft.server.MinecraftServer.method_29739(MinecraftServer.java:281) ~[server-intermediary.jar:?]
	at java.base/java.lang.Thread.run(Unknown Source) [?:?]
[22:18:48] [Server thread/ERROR]: Could not save data net.minecraft.class_3767@245f224a
java.nio.file.AccessDeniedException: ./world-terra-seeded-01/DIM-1/data/raids.dat
	at java.base/sun.nio.fs.UnixException.translateToIOException(Unknown Source) ~[?:?]
	at java.base/sun.nio.fs.UnixException.rethrowAsIOException(Unknown Source) ~[?:?]
	at java.base/sun.nio.fs.UnixException.rethrowAsIOException(Unknown Source) ~[?:?]
	at java.base/sun.nio.fs.UnixFileSystemProvider.newByteChannel(Unknown Source) ~[?:?]
	at java.base/java.nio.file.spi.FileSystemProvider.newOutputStream(Unknown Source) ~[?:?]
	at java.base/java.nio.file.Files.newOutputStream(Unknown Source) ~[?:?]
	at knot/net.minecraft.class_2507.method_30614(class_2507.java:71) ~[server-intermediary.jar:?]
	at knot/net.minecraft.class_18.method_17919(class_18.java:46) ~[server-intermediary.jar:?]
	at knot/net.minecraft.class_26.method_32384(class_26.java:127) ~[server-intermediary.jar:?]
	at java.base/java.util.HashMap.forEach(Unknown Source) ~[?:?]
	at knot/net.minecraft.class_26.method_125(class_26.java:125) ~[server-intermediary.jar:?]
	at knot/net.minecraft.class_3218.method_14188(class_3218.java:833) ~[server-intermediary.jar:?]
	at knot/net.minecraft.class_3218.method_14176(class_3218.java:815) ~[server-intermediary.jar:?]
	at knot/net.minecraft.server.MinecraftServer.method_3723(MinecraftServer.java:556) ~[server-intermediary.jar:?]
	at knot/net.minecraft.server.MinecraftServer.method_39218(MinecraftServer.java:580) ~[server-intermediary.jar:?]
	at knot/net.minecraft.server.MinecraftServer.method_3748(MinecraftServer.java:924) ~[server-intermediary.jar:?]
	at knot/net.minecraft.server.MinecraftServer.method_29741(MinecraftServer.java:697) ~[server-intermediary.jar:?]
	at knot/net.minecraft.server.MinecraftServer.method_29739(MinecraftServer.java:281) ~[server-intermediary.jar:?]
	at java.base/java.lang.Thread.run(Unknown Source) [?:?]
[22:18:48] [Server thread/ERROR]: Could not save data net.minecraft.class_3767@6f8937cc
java.nio.file.AccessDeniedException: ./world-terra-seeded-01/DIM1/data/raids_end.dat
	at java.base/sun.nio.fs.UnixException.translateToIOException(Unknown Source) ~[?:?]
	at java.base/sun.nio.fs.UnixException.rethrowAsIOException(Unknown Source) ~[?:?]
	at java.base/sun.nio.fs.UnixException.rethrowAsIOException(Unknown Source) ~[?:?]
	at java.base/sun.nio.fs.UnixFileSystemProvider.newByteChannel(Unknown Source) ~[?:?]
	at java.base/java.nio.file.spi.FileSystemProvider.newOutputStream(Unknown Source) ~[?:?]
	at java.base/java.nio.file.Files.newOutputStream(Unknown Source) ~[?:?]
	at knot/net.minecraft.class_2507.method_30614(class_2507.java:71) ~[server-intermediary.jar:?]
	at knot/net.minecraft.class_18.method_17919(class_18.java:46) ~[server-intermediary.jar:?]
	at knot/net.minecraft.class_26.method_32384(class_26.java:127) ~[server-intermediary.jar:?]
	at java.base/java.util.HashMap.forEach(Unknown Source) ~[?:?]
	at knot/net.minecraft.class_26.method_125(class_26.java:125) ~[server-intermediary.jar:?]
	at knot/net.minecraft.class_3218.method_14188(class_3218.java:833) ~[server-intermediary.jar:?]
	at knot/net.minecraft.class_3218.method_14176(class_3218.java:815) ~[server-intermediary.jar:?]
	at knot/net.minecraft.server.MinecraftServer.method_3723(MinecraftServer.java:556) ~[server-intermediary.jar:?]
	at knot/net.minecraft.server.MinecraftServer.method_39218(MinecraftServer.java:580) ~[server-intermediary.jar:?]
	at knot/net.minecraft.server.MinecraftServer.method_3748(MinecraftServer.java:924) ~[server-intermediary.jar:?]
	at knot/net.minecraft.server.MinecraftServer.method_29741(MinecraftServer.java:697) ~[server-intermediary.jar:?]
	at knot/net.minecraft.server.MinecraftServer.method_29739(MinecraftServer.java:281) ~[server-intermediary.jar:?]
	at java.base/java.lang.Thread.run(Unknown Source) [?:?]
[22:18:48] [Server thread/ERROR]: Failed to save level ./world-terra-seeded-01
java.nio.file.AccessDeniedException: ./world-terra-seeded-01/level12705043917996051117.dat
	at java.base/sun.nio.fs.UnixException.translateToIOException(Unknown Source) ~[?:?]
	at java.base/sun.nio.fs.UnixException.rethrowAsIOException(Unknown Source) ~[?:?]
	at java.base/sun.nio.fs.UnixException.rethrowAsIOException(Unknown Source) ~[?:?]
	at java.base/sun.nio.fs.UnixFileSystemProvider.newByteChannel(Unknown Source) ~[?:?]
	at java.base/java.nio.file.Files.newByteChannel(Unknown Source) ~[?:?]
	at java.base/java.nio.file.Files.createFile(Unknown Source) ~[?:?]
	at java.base/java.nio.file.TempFileHelper.create(Unknown Source) ~[?:?]
	at java.base/java.nio.file.TempFileHelper.createTempFile(Unknown Source) ~[?:?]
	at java.base/java.nio.file.Files.createTempFile(Unknown Source) ~[?:?]
	at knot/net.minecraft.class_32$class_5143.method_54538(class_32.java:463) ~[server-intermediary.jar:?]
	at knot/net.minecraft.class_32$class_5143.method_27426(class_32.java:457) ~[server-intermediary.jar:?]
	at knot/net.minecraft.server.MinecraftServer.method_3723(MinecraftServer.java:563) ~[server-intermediary.jar:?]
	at knot/net.minecraft.server.MinecraftServer.method_39218(MinecraftServer.java:580) ~[server-intermediary.jar:?]
	at knot/net.minecraft.server.MinecraftServer.method_3748(MinecraftServer.java:924) ~[server-intermediary.jar:?]
	at knot/net.minecraft.server.MinecraftServer.method_29741(MinecraftServer.java:697) ~[server-intermediary.jar:?]
	at knot/net.minecraft.server.MinecraftServer.method_29739(MinecraftServer.java:281) ~[server-intermediary.jar:?]
	at java.base/java.lang.Thread.run(Unknown Source) [?:?]
[22:23:48] [Server thread/ERROR]: Could not save data net.minecraft.class_3767@44b5b6
java.nio.file.AccessDeniedException: ./world-terra-seeded-01/data/raids.dat
	at java.base/sun.nio.fs.UnixException.translateToIOException(Unknown Source) ~[?:?]
	at java.base/sun.nio.fs.UnixException.rethrowAsIOException(Unknown Source) ~[?:?]
	at java.base/sun.nio.fs.UnixException.rethrowAsIOException(Unknown Source) ~[?:?]
	at java.base/sun.nio.fs.UnixFileSystemProvider.newByteChannel(Unknown Source) ~[?:?]
	at java.base/java.nio.file.spi.FileSystemProvider.newOutputStream(Unknown Source) ~[?:?]
	at java.base/java.nio.file.Files.newOutputStream(Unknown Source) ~[?:?]
	at knot/net.minecraft.class_2507.method_30614(class_2507.java:71) ~[server-intermediary.jar:?]
	at knot/net.minecraft.class_18.method_17919(class_18.java:46) ~[server-intermediary.jar:?]
	at knot/net.minecraft.class_26.method_32384(class_26.java:127) ~[server-intermediary.jar:?]
	at java.base/java.util.HashMap.forEach(Unknown Source) ~[?:?]
	at knot/net.minecraft.class_26.method_125(class_26.java:125) ~[server-intermediary.jar:?]
	at knot/net.minecraft.class_3218.method_14188(class_3218.java:833) ~[server-intermediary.jar:?]
	at knot/net.minecraft.class_3218.method_14176(class_3218.java:815) ~[server-intermediary.jar:?]
	at knot/net.minecraft.server.MinecraftServer.method_3723(MinecraftServer.java:556) ~[server-intermediary.jar:?]
	at knot/net.minecraft.server.MinecraftServer.method_39218(MinecraftServer.java:580) ~[server-intermediary.jar:?]
	at knot/net.minecraft.server.MinecraftServer.method_3748(MinecraftServer.java:924) ~[server-intermediary.jar:?]
	at knot/net.minecraft.server.MinecraftServer.method_29741(MinecraftServer.java:697) ~[server-intermediary.jar:?]
	at knot/net.minecraft.server.MinecraftServer.method_29739(MinecraftServer.java:281) ~[server-intermediary.jar:?]
	at java.base/java.lang.Thread.run(Unknown Source) [?:?]
[22:23:48] [Server thread/ERROR]: Could not save data net.minecraft.class_3767@245f224a
java.nio.file.AccessDeniedException: ./world-terra-seeded-01/DIM-1/data/raids.dat
	at java.base/sun.nio.fs.UnixException.translateToIOException(Unknown Source) ~[?:?]
	at java.base/sun.nio.fs.UnixException.rethrowAsIOException(Unknown Source) ~[?:?]
	at java.base/sun.nio.fs.UnixException.rethrowAsIOException(Unknown Source) ~[?:?]
	at java.base/sun.nio.fs.UnixFileSystemProvider.newByteChannel(Unknown Source) ~[?:?]
	at java.base/java.nio.file.spi.FileSystemProvider.newOutputStream(Unknown Source) ~[?:?]
	at java.base/java.nio.file.Files.newOutputStream(Unknown Source) ~[?:?]
	at knot/net.minecraft.class_2507.method_30614(class_2507.java:71) ~[server-intermediary.jar:?]
	at knot/net.minecraft.class_18.method_17919(class_18.java:46) ~[server-intermediary.jar:?]
	at knot/net.minecraft.class_26.method_32384(class_26.java:127) ~[server-intermediary.jar:?]
	at java.base/java.util.HashMap.forEach(Unknown Source) ~[?:?]
	at knot/net.minecraft.class_26.method_125(class_26.java:125) ~[server-intermediary.jar:?]
	at knot/net.minecraft.class_3218.method_14188(class_3218.java:833) ~[server-intermediary.jar:?]
	at knot/net.minecraft.class_3218.method_14176(class_3218.java:815) ~[server-intermediary.jar:?]
	at knot/net.minecraft.server.MinecraftServer.method_3723(MinecraftServer.java:556) ~[server-intermediary.jar:?]
	at knot/net.minecraft.server.MinecraftServer.method_39218(MinecraftServer.java:580) ~[server-intermediary.jar:?]
	at knot/net.minecraft.server.MinecraftServer.method_3748(MinecraftServer.java:924) ~[server-intermediary.jar:?]
	at knot/net.minecraft.server.MinecraftServer.method_29741(MinecraftServer.java:697) ~[server-intermediary.jar:?]
	at knot/net.minecraft.server.MinecraftServer.method_29739(MinecraftServer.java:281) ~[server-intermediary.jar:?]
	at java.base/java.lang.Thread.run(Unknown Source) [?:?]
[22:23:48] [Server thread/ERROR]: Could not save data net.minecraft.class_3767@6f8937cc
java.nio.file.AccessDeniedException: ./world-terra-seeded-01/DIM1/data/raids_end.dat
	at java.base/sun.nio.fs.UnixException.translateToIOException(Unknown Source) ~[?:?]
	at java.base/sun.nio.fs.UnixException.rethrowAsIOException(Unknown Source) ~[?:?]
	at java.base/sun.nio.fs.UnixException.rethrowAsIOException(Unknown Source) ~[?:?]
	at java.base/sun.nio.fs.UnixFileSystemProvider.newByteChannel(Unknown Source) ~[?:?]
	at java.base/java.nio.file.spi.FileSystemProvider.newOutputStream(Unknown Source) ~[?:?]
	at java.base/java.nio.file.Files.newOutputStream(Unknown Source) ~[?:?]
	at knot/net.minecraft.class_2507.method_30614(class_2507.java:71) ~[server-intermediary.jar:?]
	at knot/net.minecraft.class_18.method_17919(class_18.java:46) ~[server-intermediary.jar:?]
	at knot/net.minecraft.class_26.method_32384(class_26.java:127) ~[server-intermediary.jar:?]
	at java.base/java.util.HashMap.forEach(Unknown Source) ~[?:?]
	at knot/net.minecraft.class_26.method_125(class_26.java:125) ~[server-intermediary.jar:?]
	at knot/net.minecraft.class_3218.method_14188(class_3218.java:833) ~[server-intermediary.jar:?]
	at knot/net.minecraft.class_3218.method_14176(class_3218.java:815) ~[server-intermediary.jar:?]
	at knot/net.minecraft.server.MinecraftServer.method_3723(MinecraftServer.java:556) ~[server-intermediary.jar:?]
	at knot/net.minecraft.server.MinecraftServer.method_39218(MinecraftServer.java:580) ~[server-intermediary.jar:?]
	at knot/net.minecraft.server.MinecraftServer.method_3748(MinecraftServer.java:924) ~[server-intermediary.jar:?]
	at knot/net.minecraft.server.MinecraftServer.method_29741(MinecraftServer.java:697) ~[server-intermediary.jar:?]
	at knot/net.minecraft.server.MinecraftServer.method_29739(MinecraftServer.java:281) ~[server-intermediary.jar:?]
	at java.base/java.lang.Thread.run(Unknown Source) [?:?]
[22:23:48] [Server thread/ERROR]: Failed to save level ./world-terra-seeded-01
java.nio.file.AccessDeniedException: ./world-terra-seeded-01/level12614445933137439375.dat
	at java.base/sun.nio.fs.UnixException.translateToIOException(Unknown Source) ~[?:?]
	at java.base/sun.nio.fs.UnixException.rethrowAsIOException(Unknown Source) ~[?:?]
	at java.base/sun.nio.fs.UnixException.rethrowAsIOException(Unknown Source) ~[?:?]
	at java.base/sun.nio.fs.UnixFileSystemProvider.newByteChannel(Unknown Source) ~[?:?]
	at java.base/java.nio.file.Files.newByteChannel(Unknown Source) ~[?:?]
	at java.base/java.nio.file.Files.createFile(Unknown Source) ~[?:?]
	at java.base/java.nio.file.TempFileHelper.create(Unknown Source) ~[?:?]
	at java.base/java.nio.file.TempFileHelper.createTempFile(Unknown Source) ~[?:?]
	at java.base/java.nio.file.Files.createTempFile(Unknown Source) ~[?:?]
	at knot/net.minecraft.class_32$class_5143.method_54538(class_32.java:463) ~[server-intermediary.jar:?]
	at knot/net.minecraft.class_32$class_5143.method_27426(class_32.java:457) ~[server-intermediary.jar:?]
	at knot/net.minecraft.server.MinecraftServer.method_3723(MinecraftServer.java:563) ~[server-intermediary.jar:?]
	at knot/net.minecraft.server.MinecraftServer.method_39218(MinecraftServer.java:580) ~[server-intermediary.jar:?]
	at knot/net.minecraft.server.MinecraftServer.method_3748(MinecraftServer.java:924) ~[server-intermediary.jar:?]
	at knot/net.minecraft.server.MinecraftServer.method_29741(MinecraftServer.java:697) ~[server-intermediary.jar:?]
	at knot/net.minecraft.server.MinecraftServer.method_29739(MinecraftServer.java:281) ~[server-intermediary.jar:?]
	at java.base/java.lang.Thread.run(Unknown Source) [?:?]
